<?xml version="1.0" encoding="UTF-8"?>
<!-- Generated by org.testng.reporters.JUnitReportReporter -->
<testsuite skipped="0" hostname="LAPTOP-29GF51J2" name="com.qa.loginpagetests.ValidateLogin" tests="1" failures="0" timestamp="23 Aug 2018 00:01:19 GMT" time="0.696" errors="0">
  <testcase name="login" time="0.696" classname="com.qa.loginpagetests.ValidateLogin"/>
</testsuite> <!-- com.qa.loginpagetests.ValidateLogin -->
