<?xml version="1.0" encoding="UTF-8"?>
<!-- Generated by org.testng.reporters.JUnitReportReporter -->
<testsuite skipped="0" hostname="LAPTOP-29GF51J2" name="com.index.testapplication.TestOne" tests="2" failures="0" timestamp="25 Aug 2018 20:13:29 GMT" time="73.272" errors="0">
  <testcase name="validateWarningMsgs" time="62.362" classname="com.index.testapplication.TestOne"/>
  <testcase name="validaeSignIn" time="10.910" classname="com.index.testapplication.TestOne"/>
</testsuite> <!-- com.index.testapplication.TestOne -->
