<?xml version="1.0" encoding="UTF-8"?>
<!-- Generated by org.testng.reporters.JUnitReportReporter -->
<testsuite skipped="0" hostname="LAPTOP-29GF51J2" name="com.index.testapplication.TestSix" tests="1" failures="0" timestamp="25 Aug 2018 20:13:29 GMT" time="5.093" errors="0">
  <testcase name="validateTable" time="5.093" classname="com.index.testapplication.TestSix"/>
</testsuite> <!-- com.index.testapplication.TestSix -->
