<?xml version="1.0" encoding="UTF-8"?>
<!-- Generated by org.testng.reporters.JUnitReportReporter -->
<testsuite skipped="0" hostname="LAPTOP-29GF51J2" name="com.index.testapplication.TestTwo" tests="2" failures="0" timestamp="25 Aug 2018 20:13:30 GMT" time="11.586" errors="0">
  <testcase name="validateListItemValues" time="7.103" classname="com.index.testapplication.TestTwo"/>
  <testcase name="validateListItems" time="4.483" classname="com.index.testapplication.TestTwo"/>
</testsuite> <!-- com.index.testapplication.TestTwo -->
