<?xml version="1.0" encoding="UTF-8"?>
<!-- Generated by org.testng.reporters.JUnitReportReporter -->
<testsuite skipped="0" hostname="LAPTOP-29GF51J2" name="com.index.testapplication.Sample" tests="1" failures="0" timestamp="25 Aug 2018 14:19:16 GMT" time="0.002" errors="0">
  <testcase name="sample" time="0.002" classname="com.index.testapplication.Sample"/>
</testsuite> <!-- com.index.testapplication.Sample -->
